# JRE version: Java(TM) SE Runtime Environment (8.0_20-b26) (build 1.8.0_20-b26)
# Java VM: Java HotSpot(TM) 64-Bit Server VM (25.20-b23 mixed mode windows-amd64 compressed oops)
Heap:
 PSYoungGen      total 46592K, used 22248K [0x00000000fa300000, 0x00000000fd700000, 0x0000000100000000)
  eden space 39936K, 39% used [0x00000000fa300000,0x00000000fb23f978,0x00000000fca00000)
  from space 6656K, 99% used [0x00000000fca00000,0x00000000fd07a928,0x00000000fd080000)
  to   space 6656K, 0% used [0x00000000fd080000,0x00000000fd080000,0x00000000fd700000)
 ParOldGen       total 106496K, used 5513K [0x00000000ee800000, 0x00000000f5000000, 0x00000000fa300000)
  object space 106496K, 5% used [0x00000000ee800000,0x00000000eed62768,0x00000000f5000000)
 Metaspace       used 18554K, capacity 18758K, committed 19072K, reserved 1064960K
  class space    used 3520K, capacity 3595K, committed 3712K, reserved 1048576K
GC Heap History (6 events):
Event: 1.093 GC heap before
{Heap before GC invocations=1 (full 0):
 PSYoungGen      total 46592K, used 39936K [0x00000000fa300000, 0x00000000fd700000, 0x0000000100000000)
  eden space 39936K, 100% used [0x00000000fa300000,0x00000000fca00000,0x00000000fca00000)
  from space 6656K, 0% used [0x00000000fd080000,0x00000000fd080000,0x00000000fd700000)
  to   space 6656K, 0% used [0x00000000fca00000,0x00000000fca00000,0x00000000fd080000)
 ParOldGen       total 106496K, used 0K [0x00000000ee800000, 0x00000000f5000000, 0x00000000fa300000)
  object space 106496K, 0% used [0x00000000ee800000,0x00000000ee800000,0x00000000f5000000)
 Metaspace       used 8544K, capacity 8704K, committed 8960K, reserved 1056768K
  class space    used 936K, capacity 981K, committed 1024K, reserved 1048576K
Event: 1.098 GC heap after
Heap after GC invocations=1 (full 0):
 PSYoungGen      total 46592K, used 4111K [0x00000000fa300000, 0x00000000fd700000, 0x0000000100000000)
  eden space 39936K, 0% used [0x00000000fa300000,0x00000000fa300000,0x00000000fca00000)
  from space 6656K, 61% used [0x00000000fca00000,0x00000000fce03d30,0x00000000fd080000)
  to   space 6656K, 0% used [0x00000000fd080000,0x00000000fd080000,0x00000000fd700000)
 ParOldGen       total 106496K, used 16K [0x00000000ee800000, 0x00000000f5000000, 0x00000000fa300000)
  object space 106496K, 0% used [0x00000000ee800000,0x00000000ee804000,0x00000000f5000000)
 Metaspace       used 8544K, capacity 8704K, committed 8960K, reserved 1056768K
  class space    used 936K, capacity 981K, committed 1024K, reserved 1048576K
}
Event: 1.570 GC heap before
{Heap before GC invocations=2 (full 0):
 PSYoungGen      total 46592K, used 44047K [0x00000000fa300000, 0x00000000fd700000, 0x0000000100000000)
  eden space 39936K, 100% used [0x00000000fa300000,0x00000000fca00000,0x00000000fca00000)
  from space 6656K, 61% used [0x00000000fca00000,0x00000000fce03d30,0x00000000fd080000)
  to   space 6656K, 0% used [0x00000000fd080000,0x00000000fd080000,0x00000000fd700000)
 ParOldGen       total 106496K, used 16K [0x00000000ee800000, 0x00000000f5000000, 0x00000000fa300000)
  object space 106496K, 0% used [0x00000000ee800000,0x00000000ee804000,0x00000000f5000000)
 Metaspace       used 12631K, capacity 12842K, committed 12928K, reserved 1058816K
  class space    used 2596K, capacity 2652K, committed 2688K, reserved 1048576K
Event: 1.576 GC heap after
Heap after GC invocations=2 (full 0):
 PSYoungGen      total 46592K, used 6648K [0x00000000fa300000, 0x00000000fd700000, 0x0000000100000000)
  eden space 39936K, 0% used [0x00000000fa300000,0x00000000fa300000,0x00000000fca00000)
  from space 6656K, 99% used [0x00000000fd080000,0x00000000fd6fe198,0x00000000fd700000)
  to   space 6656K, 0% used [0x00000000fca00000,0x00000000fca00000,0x00000000fd080000)
 ParOldGen       total 106496K, used 500K [0x00000000ee800000, 0x00000000f5000000, 0x00000000fa300000)
  object space 106496K, 0% used [0x00000000ee800000,0x00000000ee87d060,0x00000000f5000000)
 Metaspace       used 12631K, capacity 12842K, committed 12928K, reserved 1058816K
  class space    used 2596K, capacity 2652K, committed 2688K, reserved 1048576K
}
Event: 3.333 GC heap before
{Heap before GC invocations=3 (full 0):
 PSYoungGen      total 46592K, used 46584K [0x00000000fa300000, 0x00000000fd700000, 0x0000000100000000)
  eden space 39936K, 100% used [0x00000000fa300000,0x00000000fca00000,0x00000000fca00000)
  from space 6656K, 99% used [0x00000000fd080000,0x00000000fd6fe198,0x00000000fd700000)
  to   space 6656K, 0% used [0x00000000fca00000,0x00000000fca00000,0x00000000fd080000)
 ParOldGen       total 106496K, used 500K [0x00000000ee800000, 0x00000000f5000000, 0x00000000fa300000)
  object space 106496K, 0% used [0x00000000ee800000,0x00000000ee87d060,0x00000000f5000000)
 Metaspace       used 17101K, capacity 17318K, committed 17536K, reserved 1062912K
  class space    used 3367K, capacity 3435K, committed 3456K, reserved 1048576K
Event: 3.341 GC heap after
Heap after GC invocations=3 (full 0):
 PSYoungGen      total 46592K, used 6634K [0x00000000fa300000, 0x00000000fd700000, 0x0000000100000000)
  eden space 39936K, 0% used [0x00000000fa300000,0x00000000fa300000,0x00000000fca00000)
  from space 6656K, 99% used [0x00000000fca00000,0x00000000fd07a928,0x00000000fd080000)
  to   space 6656K, 0% used [0x00000000fd080000,0x00000000fd080000,0x00000000fd700000)
 ParOldGen       total 106496K, used 5513K [0x00000000ee800000, 0x00000000f5000000, 0x00000000fa300000)
  object space 106496K, 5% used [0x00000000ee800000,0x00000000eed62768,0x00000000f5000000)
 Metaspace       used 17101K, capacity 17318K, committed 17536K, reserved 1062912K
  class space    used 3367K, capacity 3435K, committed 3456K, reserved 1048576K
}

